<?xml version="1.0" encoding="UTF-8"?>
<testng-results skipped="0" failed="0" ignored="0" total="1" passed="1">
  <reporter-output>
  </reporter-output>
  <suite name="Default suite" duration-ms="15881" started-at="2018-02-13T05:40:18Z" finished-at="2018-02-13T05:40:34Z">
    <groups>
    </groups>
    <test name="Default test" duration-ms="15881" started-at="2018-02-13T05:40:18Z" finished-at="2018-02-13T05:40:34Z">
      <class name="scripts.TestInvalidLogin">
        <test-method status="PASS" signature="openApplication()[pri:0, instance:scripts.TestInvalidLogin@2f943d71]" name="openApplication" is-config="true" duration-ms="4005" started-at="2018-02-13T11:10:18Z" finished-at="2018-02-13T11:10:22Z">
          <reporter-output>
          </reporter-output>
        </test-method> <!-- openApplication -->
        <test-method status="PASS" signature="testInavalidLogin()[pri:0, instance:scripts.TestInvalidLogin@2f943d71]" name="testInavalidLogin" duration-ms="9457" started-at="2018-02-13T11:10:22Z" finished-at="2018-02-13T11:10:32Z">
          <reporter-output>
          </reporter-output>
        </test-method> <!-- testInavalidLogin -->
        <test-method status="PASS" signature="closeApplication()[pri:0, instance:scripts.TestInvalidLogin@2f943d71]" name="closeApplication" is-config="true" duration-ms="2397" started-at="2018-02-13T11:10:32Z" finished-at="2018-02-13T11:10:34Z">
          <reporter-output>
          </reporter-output>
        </test-method> <!-- closeApplication -->
      </class> <!-- scripts.TestInvalidLogin -->
    </test> <!-- Default test -->
  </suite> <!-- Default suite -->
</testng-results>
